H 0.000000 START_TIME 2024-08-15 20:32:40-06:00
H 0.000000 TERM xterm-256color
H 0.000000 TTY /dev/pts/2
H 0.000000 COLUMNS 70
H 0.000000 LINES 42
H 0.000000 SHELL /bin/bash
H 0.000000 TIMING_LOG class_timing_script.log
H 0.000000 OUTPUT_LOG class_script.log
H 0.000000 INPUT_LOG class_script.log
O 0.015280 190
I 7.011742 1
O 0.000182 1
I 0.182025 1
O 0.000176 1
I 0.159728 1
O 0.000192 11
O 0.005895 31
O 0.000129 62
O 0.001191 190
I 6.506025 1
O 0.000283 1
I 0.142048 1
O 0.000192 1
I 0.107028 1
O 0.000201 1
I 0.163560 1
O 0.000210 1
I 0.372831 1
O 0.000198 1
I 2.465976 1
O 0.000215 1
I 0.112621 1
O 0.000141 1
I 0.225417 1
O 0.000188 1
I 0.239432 1
O 0.000173 1
I 0.475838 1
O 0.000190 1
I 0.147794 1
O 0.000188 1
I 0.081837 1
O 0.000266 1
I 0.128374 1
O 0.000190 1
I 0.319336 1
O 0.003312 1
I 0.611225 1
O 0.000141 1
I 0.191259 1
O 0.002755 11
I 0.374879 1
O 0.000171 11
O 0.011946 8
O 0.000009 54
O 0.000091 13
O 0.000627 58
O 0.000217 39
O 0.000430 101
O 0.000037 283
O 0.000184 202
O 0.000028 32
I 1.251431 3
O 0.000151 18
O 0.000006 4
I 0.201404 3
O 0.000179 18
O 0.000072 4
I 0.162384 3
O 0.000191 18
O 0.000081 4
I 0.437816 3
O 0.000230 21
I 0.988083 3
O 0.000249 22
I 0.583029 3
O 0.000191 18
O 0.000007 6
I 1.475351 3
O 0.000160 18
O 0.000064 1
I 1.062543 3
O 0.000170 18
O 0.000077 6
I 0.690789 3
O 0.000244 18
O 0.000096 7
I 0.904618 3
O 0.000272 18
O 0.000100 1
I 0.923347 1
O 0.000226 6
O 0.000010 7
O 0.000102 21
O 0.000302 18
O 0.000006 10
O 0.000085 53
I 0.466653 3
O 0.000180 18
O 0.000083 1
I 0.809417 1
O 0.000178 6
O 0.000159 41
O 0.000184 27
I 0.829157 1
O 0.000185 6
O 0.000161 38
O 0.000010 64
I 0.714350 3
O 0.000187 18
O 0.000080 6
I 0.894950 3
O 0.000190 19
I 0.177061 3
O 0.000277 19
I 0.143481 3
O 0.000300 19
I 0.143535 3
O 0.000187 18
O 0.000098 1
I 0.299908 1
O 0.000250 6
O 0.000152 26
O 0.000074 12
I 0.587968 3
O 0.000215 18
O 0.000045 4
I 0.745393 3
O 0.000226 18
O 0.000007 3
I 0.548536 3
O 0.000246 21
I 0.200428 1
O 0.000239 6
O 0.000043 37
I 1.224919 1
O 0.000204 6
O 0.000142 13
O 0.000010 6
I 0.152038 1
O 0.000188 6
O 0.000045 13
I 0.119990 1
O 0.000189 6
O 0.000041 13
I 0.222880 1
O 0.000201 6
O 0.000191 12
O 0.000181 32
I 0.467657 1
O 0.000170 6
O 0.000156 29
I 2.114773 1
O 0.000267 18
O 0.000158 3
I 0.133172 1
O 0.000191 18
O 0.000105 1
I 0.255137 1
O 0.000266 6
O 0.000009 12
O 0.000102 1
I 0.422879 1
O 0.000208 6
O 0.000142 13
O 0.000089 2
I 0.109871 1
O 0.000187 6
O 0.000130 13
I 0.264856 1
O 0.000189 6
O 0.000129 13
I 1.425305 3
O 0.000212 18
O 0.000008 1
I 0.178762 3
O 0.000208 18
O 0.000078 1
I 0.134738 3
O 0.000193 18
O 0.000006 1
I 0.594320 3
O 0.000141 18
O 0.000006 1
I 13.934174 1
O 0.000274 6
O 0.000104 21
I 0.704056 3
O 0.000171 6
O 0.000031 13
I 0.145379 3
O 0.000207 19
I 0.141422 3
O 0.000236 19
I 0.514976 3
O 0.000219 18
O 0.000074 1
I 1.429979 1
O 0.000219 6
O 0.000045 13
I 2.998937 1
O 0.000263 19
I 0.167897 1
O 0.000161 6
O 0.000123 13
I 1.065559 1
O 0.000314 6
O 0.000196 15
I 0.145796 1
O 0.000191 6
O 0.000134 15
I 0.642195 1
O 0.000193 6
O 0.000127 13
I 0.103989 1
O 0.000209 6
O 0.000131 13
I 1.013756 1
O 0.000188 6
O 0.000121 13
I 0.639126 1
O 0.000187 6
O 0.000138 13
I 0.234075 1
O 0.000180 6
O 0.000045 13
I 0.577534 1
O 0.000192 6
O 0.000142 13
I 0.349730 1
O 0.000242 6
O 0.000231 15
I 0.227341 1
O 0.000219 6
O 0.000011 12
O 0.000122 1
I 0.777544 1
O 0.000224 6
O 0.000144 15
I 0.738355 1
O 0.000187 6
O 0.000180 12
O 0.000052 17
I 0.227744 1
O 0.000176 6
O 0.000148 29
O 0.000026 11
I 1.940804 1
O 0.000202 6
O 0.000039 58
I 0.968920 1
O 0.000190 6
O 0.000121 31
O 0.000006 6
O 0.002949 28
O 0.000008 8
O 0.000127 51
I 0.232595 1
O 0.000189 6
O 0.000169 14
O 0.000008 44
O 0.000187 8
O 0.001302 190
I 0.955836 3
O 0.000191 25
I 0.654286 3
O 0.000201 22
I 0.281692 3
O 0.000242 1
I 0.395578 1
O 0.000133 1
I 0.120179 1
O 0.000244 1
I 0.250078 1
O 0.000202 1
I 0.246355 1
O 0.000199 1
I 0.200549 1
O 0.000193 1
I 1.358305 1
O 0.000193 1
I 0.698309 1
O 0.000188 4
I 0.160426 1
O 0.000302 6
I 1.334226 1
O 0.000232 1
I 0.192390 1
O 0.000396 11
I 0.373427 1
O 0.000192 11
O 0.001780 144
O 0.000107 60
O 0.000012 12
O 0.000065 108
O 0.000051 84
O 0.000024 24
O 0.000213 180
O 0.000081 48
O 0.000006 12
O 0.000182 396
O 0.000163 72
O 0.000151 312
O 0.000008 12
O 0.000118 22
O 0.000045 2
O 0.000009 12
O 0.000085 36
O 0.000105 60
O 0.000130 36
O 0.000038 120
O 0.000093 156
O 0.000043 132
O 0.000092 144
O 0.000109 96
O 0.000077 168
O 0.000006 24
O 0.000004 12
O 0.000004 12
O 0.000066 12
O 0.000078 216
O 0.000010 36
O 0.000013 24
O 0.000075 180
O 0.000006 36
O 0.000064 48
O 0.001009 190
I 1.672191 3
O 0.000221 22
I 0.477404 3
O 0.000398 88
I 0.544468 1
O 0.000236 11
O 0.002770 62
O 0.000008 7
O 0.000128 6
O 0.000262 97
O 0.000545 101
O 0.000007 27
O 0.000109 256
O 0.000238 236
O 0.000124 44
I 0.483899 3
O 0.000211 18
O 0.000007 4
I 0.270112 3
O 0.000209 18
O 0.000075 4
I 0.114636 3
O 0.000289 18
O 0.000012 4
I 0.867966 3
O 0.000240 18
O 0.000116 4
I 0.467565 3
O 0.000140 18
O 0.000005 6
I 0.450006 3
O 0.000206 21
I 0.022539 3
O 0.000149 21
I 0.023718 3
O 0.000151 18
O 0.000082 3
I 0.025042 3
O 0.000183 21
I 0.024776 3
O 0.000168 18
O 0.000107 1
I 0.024028 3
O 0.000194 21
I 0.024385 3
O 0.000270 21
I 0.023592 3
O 0.000295 21
I 0.024652 3
O 0.000178 18
O 0.000094 3
I 0.024032 3
O 0.000304 21
I 0.023528 3
O 0.000258 21
I 0.024448 3
O 0.000233 21
I 0.024748 3
O 0.000196 18
O 0.000006 3
I 0.024314 3
O 0.000216 21
I 0.023644 3
O 0.000201 34
I 0.024314 3
O 0.000199 21
I 0.023304 3
O 0.000262 21
I 0.024737 3
O 0.000223 21
I 0.907352 1
O 0.000244 6
O 0.000012 7
O 0.000110 21
O 0.000334 49
I 1.277266 1
O 0.000136 6
O 0.000118 40
I 0.804319 1
O 0.000226 6
O 0.000183 37
O 0.003126 22
O 0.000006 6
O 0.000061 40
O 0.000006 12
O 0.000129 7
I 0.250394 1
O 0.000195 6
O 0.000191 26
O 0.000184 40
O 0.001650 190
I 0.379981 3
O 0.000225 25
I 0.334549 3
O 0.000214 85
I 0.409102 1
O 0.000156 1
I 0.008276 1
O 0.000133 11
O 0.000135 10
I 1.107238 1
O 0.000210 11
O 0.001949 26
O 0.000041 13
O 0.000011 26
O 0.000006 13
O 0.000006 26
O 0.000005 13
O 0.000020 56
O 0.000111 210
O 0.000112 154
O 0.000206 182
O 0.000076 98
O 0.000033 14
O 0.000010 14
O 0.000150 56
O 0.000086 266
O 0.000009 56
O 0.000005 28
O 0.000018 42
O 0.000098 204
O 0.000146 345
O 0.000103 405
O 0.000008 15
O 0.000081 15
O 0.000039 15
O 0.000065 58
O 0.000116 62
O 0.000013 15
O 0.000014 30
O 0.000014 45
O 0.000004 15
O 0.000056 150
O 0.000100 315
O 0.000008 15
O 0.000006 15
O 0.000110 225
O 0.000022 75
O 0.000005 30
O 0.000007 15
O 0.000098 238
O 0.000116 62
O 0.000036 45
O 0.001120 190
I 1.596381 3
O 0.000198 23
I 0.304285 3
O 0.000217 44
I 0.453822 1
O 0.000320 11
O 0.003300 62
O 0.000119 13
O 0.000368 97
O 0.000470 101
O 0.000026 172
O 0.000136 111
O 0.000204 122
O 0.000029 51
O 0.000056 107
I 23.474876 1
O 0.000145 6
O 0.000161 30
O 0.000053 11
O 0.002869 38
O 0.000022 9
O 0.000052 17
I 0.250434 1
O 0.000168 6
O 0.000171 13
O 0.000139 52
O 0.001454 190
I 1.023907 1
O 0.000183 1
I 0.117091 1
O 0.000201 1
I 0.071675 1
O 0.000179 1
I 0.163817 1
O 0.000187 1
I 0.489545 1
O 0.000257 1
I 0.154567 1
O 0.000201 1
I 0.179765 1
O 0.000176 1
I 0.258194 1
O 0.000313 1
I 0.526555 1
O 0.000198 1
I 0.133197 1
O 0.000199 1
I 0.395779 1
O 0.000209 1
I 0.126330 1
O 0.000181 1
I 0.380122 1
O 0.000271 11
O 0.121913 25
O 0.014289 2092
I 18.699828 3
O 0.000147 179
I 0.038608 3
O 0.000183 88
O 0.000015 77
I 0.061997 3
O 0.000197 113
I 0.038038 3
O 0.000161 123
O 0.000008 75
I 0.087129 3
O 0.000229 187
I 0.422179 3
O 0.000197 106
O 0.000013 75
I 0.013104 3
O 0.000181 213
I 0.013711 3
O 0.000181 133
I 0.014038 3
O 0.000278 114
I 0.026689 3
O 0.000180 147
I 0.015471 3
O 0.000182 190
I 0.015709 3
O 0.000191 77
O 0.000006 78
I 0.015874 3
O 0.000192 114
I 0.015335 3
O 0.000190 138
I 0.014619 3
O 0.000181 114
I 0.016148 3
O 0.000159 122
O 0.000007 76
I 0.016054 3
O 0.000206 184
I 0.015334 3
O 0.000178 58
O 0.000009 78
I 0.031965 3
O 0.000208 178
I 0.031404 3
O 0.000252 179
I 0.032814 3
O 0.000241 129
I 0.045083 3
O 0.000130 36
O 0.000012 78
I 0.074508 3
O 0.000188 177
I 0.015268 3
O 0.000187 134
I 0.015112 3
O 0.000214 173
I 0.015564 3
O 0.000285 114
I 0.022398 3
O 0.000178 180
I 0.062509 3
O 0.000251 195
I 0.064056 3
O 0.000344 147
I 0.629711 3
O 0.000256 114
I 0.030415 3
O 0.000197 136
I 0.023313 3
O 0.000138 114
I 0.023029 3
O 0.000151 106
O 0.000005 78
I 0.015146 3
O 0.000119 150
O 0.000006 78
I 0.069287 3
O 0.000217 187
I 0.047298 3
O 0.000227 181
I 0.374425 3
O 0.000221 131
I 0.015405 3
O 0.000141 114
I 0.016157 3
O 0.000164 139
I 0.015041 3
O 0.000198 114
I 0.015305 3
O 0.000208 181
I 0.013029 3
O 0.000195 181
I 0.027529 3
O 0.000178 114
I 0.011894 3
O 0.000291 167
I 0.021446 3
O 0.000292 114
I 0.014547 3
O 0.000174 80
O 0.000006 76
I 0.014707 3
O 0.000245 114
I 0.015093 3
O 0.000199 190
I 0.017191 3
O 0.000200 195
I 0.015440 3
O 0.000236 159
I 0.031645 3
O 0.000261 114
I 0.032360 3
O 0.000248 33
O 0.000061 96
I 0.046043 3
O 0.000194 137
I 0.063713 3
O 0.000224 182
I 0.099192 3
O 0.000219 189
I 0.023331 3
O 0.000152 91
O 0.000005 78
I 0.015317 3
O 0.000182 114
I 0.015678 3
O 0.000158 199
I 0.015001 3
O 0.000169 129
O 0.000008 76
I 0.051007 3
O 0.000239 169
I 0.015899 3
O 0.000253 114
I 0.015145 3
O 0.000173 111
O 0.000006 78
I 0.015133 3
O 0.000214 158
I 0.016790 3
O 0.000200 36
O 0.000006 78
I 0.030439 3
O 0.000210 208
I 0.031112 3
O 0.000225 146
I 0.032154 3
O 0.000274 114
I 0.047038 3
O 0.000257 218
I 0.094648 3
O 0.000239 114
I 0.313068 3
O 0.000212 241
I 0.022086 3
O 0.000130 68
O 0.000012 78
I 0.023082 3
O 0.000175 38
O 0.000009 76
I 0.023112 3
O 0.000153 190
I 0.015468 3
O 0.000139 182
I 0.014842 3
O 0.000158 179
I 0.044748 3
O 0.000239 171
I 0.032899 3
O 0.000240 114
I 0.046028 3
O 0.000248 190
I 0.095446 3
O 0.000184 114
I 0.801728 3
O 0.000209 181
I 0.015011 3
O 0.000133 97
O 0.000012 76
I 0.015326 3
O 0.000170 114
I 0.015319 3
O 0.000140 176
I 0.015742 3
O 0.000130 181
I 0.015450 3
O 0.000146 182
I 0.022803 3
O 0.000281 146
I 0.109931 3
O 0.000255 114
I 0.653881 3
O 0.000179 186
I 0.015236 3
O 0.000142 182
I 0.015785 3
O 0.000166 206
I 0.015111 3
O 0.000139 189
I 0.014087 3
O 0.000160 124
O 0.000009 76
I 0.020673 3
O 0.000210 202
I 0.024004 3
O 0.000195 208
I 0.016890 3
O 0.000228 181
I 0.031319 3
O 0.000413 135
I 0.014900 3
O 0.000270 114
I 0.015242 3
O 0.000187 193
I 0.016319 3
O 0.000228 114
I 0.015260 3
O 0.000274 175
I 0.016488 3
O 0.000272 115
I 0.030493 3
O 0.000178 189
I 0.031642 3
O 0.000151 101
O 0.000036 79
I 0.031607 3
O 0.000150 115
I 0.048029 3
O 0.000254 180
I 0.077349 3
O 0.000211 152
I 0.015766 3
O 0.000176 115
I 0.015321 3
O 0.000298 175
I 0.007232 3
O 0.000179 115
I 0.007540 3
O 0.000312 134
I 0.007432 3
O 0.000188 103
O 0.000039 77
I 0.006274 3
O 0.000178 188
I 0.018995 3
O 0.000186 115
I 0.016181 3
O 0.000210 181
I 0.016190 3
O 0.000188 72
O 0.000008 79
I 0.014592 3
O 0.000286 115
I 0.016202 3
O 0.000177 175
I 0.015287 3
O 0.000209 115
I 0.017209 3
O 0.000276 134
I 0.015385 3
O 0.000204 172
I 0.015748 3
O 0.000168 183
I 0.015375 3
O 0.000237 183
I 0.016371 3
O 0.000291 157
I 0.015449 3
O 0.000291 115
I 0.014482 3
O 0.000215 181
I 0.015088 3
O 0.000191 161
I 0.018043 3
O 0.000414 115
I 0.014258 3
O 0.000242 33
O 0.000044 142
I 0.014398 3
O 0.000223 115
I 0.032184 3
O 0.000160 106
O 0.000007 79
I 0.031014 3
O 0.000248 183
I 0.032355 3
O 0.000271 182
I 0.030868 3
O 0.000292 115
I 0.047140 3
O 0.000270 180
I 1.313601 3
O 0.000195 147
I 0.023176 3
O 0.000162 115
I 0.015523 3
O 0.000158 96
O 0.000006 79
I 0.015174 3
O 0.000167 115
I 0.015580 3
O 0.000137 191
I 0.015763 3
O 0.000178 182
I 0.015163 3
O 0.000168 180
I 0.034179 3
O 0.000226 170
I 0.056460 3
O 0.000268 115
I 0.095350 3
O 0.000239 180
I 0.534637 3
O 0.000242 148
I 0.014528 3
O 0.000152 115
I 0.015060 3
O 0.000127 188
I 0.015291 3
O 0.000119 106
O 0.000006 77
I 0.015138 3
O 0.000110 112
O 0.000006 77
I 0.014697 3
O 0.000123 115
I 0.035808 3
O 0.000267 141
I 0.030073 3
O 0.000170 166
I 0.031128 3
O 0.000174 147
I 0.031267 3
O 0.000124 60
O 0.000004 79
I 0.032603 3
O 0.000223 152
I 0.047573 3
O 0.000232 155
I 0.602474 3
O 0.000193 52
O 0.000018 79
I 0.015263 3
O 0.000207 147
I 0.014990 3
O 0.000203 185
I 0.015330 3
O 0.000210 129
I 0.007250 3
O 0.000181 158
I 0.021590 3
O 0.000152 81
O 0.000007 77
I 0.030920 3
O 0.000186 158
I 0.016371 3
O 0.000264 158
I 0.014568 3
O 0.000187 185
I 0.016089 3
O 0.000236 144
I 0.015318 3
O 0.000195 158
I 0.016661 3
O 0.000219 158
I 0.032679 3
O 0.000253 158
I 0.031537 3
O 0.000248 36
O 0.000084 79
I 0.028904 3
O 0.000139 103
O 0.000005 79
I 0.045300 3
O 0.000153 62
O 0.000008 79
I 0.096462 3
O 0.000139 36
O 0.000030 79
I 0.466871 3
O 0.000154 96
O 0.000005 79
I 0.015288 3
O 0.000159 115
I 0.015373 3
O 0.000133 147
O 0.000005 77
I 0.023053 3
O 0.000151 102
O 0.000005 77
I 0.015027 3
O 0.000142 128
O 0.000033 79
I 0.051326 3
O 0.000167 203
I 0.047598 3
O 0.000161 180
I 0.079243 3
O 0.000195 115
I 0.341273 3
O 0.000226 175
I 0.022820 3
O 0.000151 115
I 0.015368 3
O 0.000167 151
I 0.015726 3
O 0.000146 201
I 0.015568 3
O 0.000203 205
I 0.021237 3
O 0.000224 115
I 0.040469 3
O 0.000223 180
I 0.031730 3
O 0.000357 208
I 0.029859 3
O 0.000209 199
I 0.048328 3
O 0.000229 158
I 0.079770 3
O 0.000288 115
I 0.162364 3
O 0.000216 204
I 0.015182 3
O 0.000195 115
I 0.014893 3
O 0.000203 151
I 0.015336 3
O 0.000180 117
O 0.000007 79
I 0.006084 3
O 0.000208 205
I 0.021053 3
O 0.000197 115
I 0.016287 3
O 0.000209 180
I 0.014927 3
O 0.000223 208
I 0.013368 3
O 0.000211 199
I 0.018104 3
O 0.000355 167
I 0.016187 3
O 0.000192 115
I 0.014913 3
O 0.000193 204
I 0.015726 3
O 0.000184 115
I 0.017807 3
O 0.000322 152
I 0.014033 3
O 0.000221 195
I 0.015895 3
O 0.000205 206
I 0.014759 3
O 0.000206 115
I 0.017022 3
O 0.000219 180
I 0.015398 3
O 0.000256 191
I 0.015896 3
O 0.000221 204
I 0.014079 3
O 0.000165 83
O 0.000007 79
I 0.015765 3
O 0.000139 36
O 0.000007 79
I 0.031263 3
O 0.000156 125
O 0.000053 79
I 0.031602 3
O 0.000147 115
I 0.026456 3
O 0.000206 152
I 0.014952 3
O 0.000180 196
I 0.015443 3
O 0.000198 207
I 0.021471 3
O 0.000263 155
I 0.016781 3
O 0.000305 115
I 0.014712 3
O 0.000203 180
I 0.032772 3
O 0.000172 129
O 0.000006 79
I 0.014722 3
O 0.000167 199
I 0.014924 3
O 0.000190 181
I 0.031748 3
O 0.000269 36
O 0.000094 79
I 0.031728 3
O 0.000249 204
I 0.032060 3
O 0.000251 115
I 0.045433 3
O 0.000290 175
I 0.078851 3
O 0.000255 208
I 0.139138 3
O 0.000207 216
I 0.014961 3
O 0.000209 183
I 0.014903 3
O 0.000156 183
I 0.015885 3
O 0.000182 165
I 0.018831 3
O 0.000230 115
I 0.016366 3
O 0.000227 179
I 0.015077 3
O 0.000181 104
O 0.000007 77
I 0.016324 3
O 0.000177 75
O 0.000007 77
I 0.016059 3
O 0.000313 115
I 0.015529 3
O 0.000258 182
I 0.015215 3
O 0.000192 115
I 0.015289 3
O 0.000253 183
I 0.017406 3
O 0.000258 52
O 0.000007 79
I 0.014713 3
O 0.000267 115
I 0.015551 3
O 0.000205 186
I 0.030166 3
O 0.000311 115
I 0.032556 3
O 0.000264 185
I 0.030575 3
O 0.000216 115
I 0.046578 3
O 0.000168 117
O 0.000009 79
I 0.075526 3
O 0.000139 36
O 0.000026 79
I 0.529287 3
O 0.000258 169
I 0.022032 3
O 0.000129 115
I 0.021980 3
O 0.000161 172
I 0.014400 3
O 0.000127 115
I 0.031284 3
O 0.000190 167
I 0.031172 3
O 0.000221 115
I 0.031130 3
O 0.000307 171
I 0.031380 3
O 0.000205 115
I 0.048383 3
O 0.000258 162
I 0.077550 3
O 0.000257 115
I 1.784146 1
O 0.000391 28
O 0.002989 190
I 3.454586 1
O 0.000139 1
I 0.126569 1
O 0.000155 1
I 0.707199 1
O 0.000248 1
I 1.404370 1
O 0.000269 1
I 0.178399 1
O 0.000229 1
I 0.402437 1
O 0.000197 1
I 0.143693 1
O 0.000192 1
I 0.414121 1
O 0.000219 1
I 0.181667 1
O 0.000152 1
I 0.751260 1
O 0.000180 1
I 0.576128 1
O 0.000180 4
I 0.347200 1
O 0.000164 1
I 0.170080 1
O 0.000188 1
I 0.679383 1
O 0.000234 1
I 0.121119 1
O 0.000180 1
I 0.479765 1
O 0.000313 1
I 0.178422 1
O 0.000218 1
I 0.240614 1
O 0.000193 1
I 0.603706 1
O 0.000198 1
I 0.650106 1
O 0.000132 1
I 0.380132 1
O 0.000181 1
I 0.524831 1
O 0.000272 1
I 0.245686 1
O 0.000187 1
I 0.317682 1
O 0.000239 1
I 1.831825 1
O 0.000288 2
O 0.000119 9
O 0.004538 295
O 0.001306 190
I 18.306589 3
O 0.000198 22
I 0.453780 3
O 0.000259 1
I 0.445442 3
O 0.000152 1
I 0.023995 3
O 0.000148 1
I 0.023997 3
O 0.000177 1
I 0.023875 3
O 0.000153 1
I 0.024128 3
O 0.000151 1
I 0.024985 3
O 0.000162 1
I 0.024711 3
O 0.000155 1
I 0.023226 3
O 0.000182 1
I 0.023919 3
O 0.000138 1
I 0.024107 3
O 0.000147 1
I 0.026096 3
O 0.000147 1
I 0.450998 3
O 0.000146 3
I 0.480414 1
O 0.000149 23
I 0.445011 1
O 0.000280 27
I 0.446762 1
O 0.000285 27
I 0.022154 1
O 0.000194 27
I 0.024274 1
O 0.000189 27
I 0.024754 1
O 0.000159 27
I 0.025464 1
O 0.000292 27
I 0.024067 1
O 0.000214 27
I 0.023696 1
O 0.000197 27
I 0.247217 1
O 0.000339 44
I 1.837382 3
O 0.000157 3
I 0.449226 3
O 0.000220 3
I 0.021724 3
O 0.000151 3
I 0.025060 3
O 0.000162 3
I 0.024040 3
O 0.000162 3
I 0.024529 3
O 0.000147 3
I 0.024454 3
O 0.000185 3
I 0.024340 3
O 0.000293 3
I 0.022353 3
O 0.000175 3
I 0.026198 3
O 0.000367 3
I 0.024483 3
O 0.000228 3
I 0.022835 3
O 0.000240 1
I 0.807842 1
O 0.000150 1
I 0.319417 1
O 0.000195 1
I 0.139019 1
O 0.000198 1
I 0.257904 1
O 0.000182 1
I 0.254013 1
O 0.000189 1
I 0.531479 1
O 0.000151 1
I 0.319059 1
O 0.000231 11
I 7.003303 1
O 0.000226 2
O 0.000361 2
O 0.000844 190
I 1.043459 3
O 0.000193 20
I 0.710159 1
O 0.000183 1
I 0.305677 1
O 0.000269 1
I 1.350636 1
O 0.000197 1
I 5.399389 1
O 0.000361 4
I 0.183141 1
O 0.000257 4
I 0.678030 3
O 0.000219 1
I 0.155427 3
O 0.000207 1
I 0.447556 3
O 0.000240 1
I 0.024724 3
O 0.000215 1
I 0.024550 3
O 0.000253 1
I 0.024717 3
O 0.000197 1
I 0.024999 3
O 0.000221 1
I 0.025270 3
O 0.000240 1
I 0.022766 3
O 0.000206 1
I 0.024225 3
O 0.000216 1
I 0.024177 3
O 0.000191 1
I 0.026948 3
O 0.000212 1
I 0.025115 3
O 0.000209 1
I 0.023684 3
O 0.000173 1
I 0.024429 3
O 0.000201 1
I 0.219626 3
O 0.000203 1
I 0.153132 3
O 0.000213 1
I 0.154922 3
O 0.000308 1
I 0.127687 3
O 0.000238 1
I 0.714354 1
O 0.000276 5
I 0.603109 1
O 0.000219 5
I 0.235727 1
O 0.000222 9
I 0.185513 1
O 0.000208 5
I 0.891556 1
O 0.000276 5
I 0.467409 1
O 0.000213 5
I 0.743473 1
O 0.000173 11
I 17.170405 1
O 0.000208 2
O 0.000470 2
O 0.000880 190
I 1.323308 3
O 0.000164 25
I 0.462654 3
O 0.000216 1
I 0.446674 3
O 0.000210 1
I 0.022859 3
O 0.000183 1
I 0.024702 3
O 0.000146 1
I 0.025139 3
O 0.000174 1
I 0.024335 3
O 0.000174 1
I 0.024704 3
O 0.000176 1
I 0.024525 3
O 0.000357 1
I 0.242005 3
O 0.000196 1
I 0.386784 3
O 0.000183 3
I 0.417829 3
O 0.000244 3
I 0.416784 1
O 0.000311 5
I 0.149959 1
O 0.000205 5
I 0.150469 1
O 0.000231 5
I 0.140185 1
O 0.000156 5
I 0.129607 1
O 0.000235 5
I 0.148322 1
O 0.000195 5
I 2.308940 1
O 0.000208 5
I 0.478539 1
O 0.000330 5
I 0.174671 1
O 0.000189 5
I 0.145211 1
O 0.000226 5
I 0.695217 1
O 0.000221 5
I 0.306955 1
O 0.000159 5
I 1.726436 1
O 0.000333 5
I 0.161532 1
O 0.000240 5
I 0.546634 1
O 0.000226 5
I 0.196284 1
O 0.000163 5
I 0.238260 1
O 0.000252 5
I 1.854695 1
O 0.000212 5
I 0.591112 1
O 0.000189 5
I 0.111987 1
O 0.000222 5
I 0.291792 1
O 0.000304 5
I 0.775541 1
O 0.000189 5
I 0.317127 1
O 0.000321 5
I 0.687216 1
O 0.000183 11
O 0.006294 72
O 0.004541 72
O 0.004186 59
O 0.004411 72
O 0.004357 72
O 0.001426 190
I 19.916404 3
O 0.000250 28
I 0.651207 3
O 0.000200 1
I 0.449578 3
O 0.000219 1
I 0.022789 3
O 0.000193 1
I 0.025591 3
O 0.000242 1
I 0.945175 3
O 0.000160 1
I 0.448150 3
O 0.000221 1
I 0.024390 3
O 0.000143 1
I 0.024785 3
O 0.000153 1
I 0.025558 3
O 0.000134 1
I 0.024087 3
O 0.000285 1
I 0.023581 3
O 0.000211 1
I 0.026446 3
O 0.000240 1
I 0.443749 3
O 0.000268 3
I 0.449417 3
O 0.000214 3
I 0.022471 3
O 0.000174 3
I 0.023742 3
O 0.000156 3
I 0.024752 3
O 0.000141 3
I 0.024762 3
O 0.000247 3
I 0.026278 3
O 0.000237 3
I 0.530485 3
O 0.000145 1
I 0.159468 3
O 0.000203 1
I 0.609423 1
O 0.000292 5
I 0.164564 1
O 0.000240 5
I 0.147328 1
O 0.000157 5
I 0.132364 1
O 0.000215 5
I 0.141917 1
O 0.000181 5
I 0.142016 1
O 0.000198 5
I 0.140769 1
O 0.000185 5
I 0.140495 1
O 0.000209 5
I 0.142029 1
O 0.000200 5
I 0.146786 1
O 0.000178 5
I 0.144013 1
O 0.000197 5
I 0.141244 1
O 0.000194 5
I 0.133195 1
O 0.000190 5
I 0.134390 1
O 0.000230 5
I 0.763907 1
O 0.000269 5
I 0.277236 1
O 0.000207 5
I 0.118905 1
O 0.000205 5
I 0.141119 1
O 0.000193 5
I 0.094040 1
O 0.000236 5
I 0.495797 1
O 0.000379 5
I 0.428122 1
O 0.000333 5
I 0.494084 1
O 0.000208 11
I 4.631149 1
O 0.000105 2
O 0.000251 2
O 0.000811 190
I 9.128260 1
O 0.000220 189
I 6.664211 1
O 0.000227 1
I 0.114526 1
O 0.000192 1
I 0.182895 1
O 0.000135 1
I 0.135246 1
O 0.000216 1
I 0.109990 1
O 0.000179 1
I 0.419941 1
O 0.000272 1
I 0.219433 1
O 0.000220 1
I 0.173669 1
O 0.000202 1
I 0.354342 1
O 0.000177 11
O 0.002318 13
O 0.001003 190
I 40.267087 1
O 0.000178 1
I 0.122125 1
O 0.000229 1
I 0.219227 1
O 0.000165 1
I 0.236974 1
O 0.000188 1
I 0.236209 1
O 0.000222 1
I 0.162348 1
O 0.000244 1
I 0.125984 1
O 0.000221 1
I 0.487610 1
O 0.000182 1
I 0.160514 1
O 0.000219 1
I 0.430281 1
O 0.000220 1
I 0.136659 1
O 0.000145 1
I 0.411251 1
O 0.000154 1
I 0.177649 1
O 0.000198 1
I 0.077507 1
O 0.000195 1
I 0.209992 1
O 0.000215 1
I 0.070199 1
O 0.000197 1
I 0.136564 1
O 0.000183 1
I 0.137440 1
O 0.000233 1
I 0.244351 1
O 0.000222 11
O 0.126316 471
O 0.002495 190
I 2.915979 1
O 0.000241 1
I 0.118731 1
O 0.000186 1
I 0.119120 1
O 0.000191 1
I 0.427496 1
O 0.000182 1
I 0.132153 1
O 0.000215 1
I 0.546939 1
O 0.000227 1
I 0.164980 1
O 0.000156 1
I 0.075026 1
O 0.000194 1
I 0.166365 1
O 0.000210 1
I 0.082426 1
O 0.000213 1
I 0.152104 1
O 0.000188 1
I 0.135079 1
O 0.000205 1
I 0.258143 1
O 0.000180 11
O 0.001151 322
O 0.001478 190
I 32.356856 3
O 0.000192 12
I 0.009404 3
O 0.000207 22
I 0.581472 3
O 0.000169 12
I 0.221359 3
O 0.000260 61
I 0.428474 3
O 0.000225 32
I 0.286724 3
O 0.000244 40
I 4.095907 3
O 0.000207 53
I 0.549443 3
O 0.000244 78
I 0.603053 3
O 0.000242 49
I 0.422210 3
O 0.000169 47
I 0.376084 3
O 0.000321 36
I 0.360660 3
O 0.000225 44
I 1.038399 1
O 0.000230 11
O 0.002813 62
O 0.000216 13
O 0.000249 58
O 0.000114 39
O 0.000506 101
O 0.000008 27
O 0.000103 256
O 0.000292 132
O 0.000006 41
O 0.000077 107
I 0.767900 3
O 0.000198 18
O 0.000008 4
I 0.441779 3
O 0.000155 18
O 0.000079 4
I 0.024156 3
O 0.000141 18
O 0.000055 4
I 0.025257 3
O 0.000294 22
I 0.022089 3
O 0.000246 22
I 0.476560 3
O 0.000154 18
O 0.000137 3
I 0.627432 3
O 0.000202 18
O 0.000050 6
I 0.445620 3
O 0.000142 18
O 0.000105 3
I 0.023831 3
O 0.000153 18
O 0.000058 3
I 0.023846 3
O 0.000133 18
O 0.000075 3
I 0.024127 3
O 0.000163 18
O 0.000005 3
I 0.024776 3
O 0.000244 19
I 0.023317 3
O 0.000218 18
O 0.000120 3
I 1.842475 1
O 0.000242 28
O 0.000043 6
O 0.000376 67
I 2.073416 1
O 0.000128 6
O 0.000134 83
I 0.366599 1
O 0.000171 6
O 0.000127 76
I 1.343765 1
O 0.000155 6
O 0.000079 58
I 0.102782 1
O 0.000205 6
O 0.000173 58
I 0.486290 1
O 0.000242 6
O 0.000135 58
I 0.608857 3
O 0.000189 6
O 0.000008 21
O 0.000079 7
I 0.449612 3
O 0.000304 19
I 0.022913 3
O 0.000143 19
I 0.025012 3
O 0.000150 19
I 0.023869 3
O 0.000205 18
O 0.000042 1
I 0.025288 3
O 0.000188 18
O 0.000006 1
I 0.024502 3
O 0.000148 18
O 0.000020 1
I 0.024006 3
O 0.000201 18
O 0.000099 1
I 0.023242 3
O 0.000217 18
O 0.000008 1
I 0.442446 3
O 0.000214 18
O 0.000114 1
I 0.452140 3
O 0.000243 21
I 0.188234 3
O 0.000197 18
O 0.000084 3
I 0.151859 3
O 0.000188 18
O 0.000131 1
I 0.378140 1
O 0.000234 6
O 0.000097 15
I 0.165615 1
O 0.000206 6
O 0.000118 34
I 0.165808 1
O 0.000221 6
O 0.000134 15
I 0.157351 1
O 0.000287 6
O 0.000113 13
O 0.000040 2
I 0.146111 1
O 0.000205 6
O 0.000109 15
I 0.145601 1
O 0.000188 6
O 0.000106 15
I 0.153912 1
O 0.000177 6
O 0.000173 15
I 0.171647 1
O 0.000170 6
O 0.000099 15
I 0.150380 1
O 0.000196 6
O 0.000106 15
I 0.440679 1
O 0.000172 6
O 0.000156 15
I 0.150054 1
O 0.000152 6
O 0.000044 15
I 0.159652 1
O 0.000174 6
O 0.000048 15
I 0.142593 1
O 0.000254 6
O 0.000045 34
I 0.147977 1
O 0.000182 6
O 0.000046 15
I 0.540731 1
O 0.000127 6
O 0.000106 29
I 0.197843 1
O 0.000188 6
O 0.000042 15
I 1.390130 1
O 0.000241 6
O 0.000212 42
I 0.899584 1
O 0.000184 6
O 0.000038 19
I 0.664216 1
O 0.000241 6
O 0.000087 29
I 1.266059 1
O 0.000309 18
O 0.000115 3
I 0.104620 1
O 0.000190 6
O 0.000121 13
I 1.466185 1
O 0.000219 6
O 0.000146 13
I 0.282360 1
O 0.000233 6
O 0.000165 13
I 1.823347 1
O 0.000186 6
O 0.000128 13
I 0.533449 1
O 0.000237 6
O 0.000043 13
I 1.029888 1
O 0.000267 6
O 0.000139 13
I 0.287146 1
O 0.000185 6
O 0.000085 13
I 0.537977 1
O 0.000243 6
O 0.000210 13
I 1.045940 1
O 0.000151 6
O 0.000097 13
I 1.047023 1
O 0.000248 6
O 0.000063 29
I 0.724209 1
O 0.000173 6
O 0.000179 40
I 1.195563 1
O 0.000168 6
O 0.000125 29
I 3.760318 3
O 0.000227 18
O 0.000078 1
I 0.443080 3
O 0.000188 18
O 0.000086 1
I 0.023620 3
O 0.000183 19
I 0.025360 3
O 0.000201 19
I 0.025890 3
O 0.000361 19
I 0.022914 3
O 0.000271 19
I 0.024849 3
O 0.000265 19
I 0.022993 3
O 0.000279 19
I 0.024927 3
O 0.000243 18
O 0.000104 1
I 0.022651 3
O 0.000208 18
O 0.000013 1
I 0.025074 3
O 0.000242 19
I 0.023267 3
O 0.000204 18
O 0.000092 1
I 0.023534 3
O 0.000170 18
O 0.000006 1
I 0.024487 3
O 0.000203 18
O 0.000057 1
I 0.023742 3
O 0.000233 18
O 0.000147 1
I 0.023169 3
O 0.000229 19
I 0.023364 3
O 0.000145 18
O 0.000029 1
I 0.024036 3
O 0.000147 18
O 0.000051 1
I 0.212355 3
O 0.000174 18
O 0.000006 1
I 0.148789 3
O 0.000221 18
O 0.000078 1
I 0.153345 3
O 0.000310 19
I 0.142524 3
O 0.000274 19
I 0.136957 3
O 0.000315 19
I 0.139338 3
O 0.000245 18
O 0.000104 1
I 0.148221 3
O 0.000270 18
O 0.000046 1
I 0.153715 3
O 0.000241 18
O 0.000152 1
I 0.164493 3
O 0.000226 19
I 0.822525 1
O 0.000231 6
O 0.000050 100
I 0.087078 1
O 0.000198 6
O 0.000120 100
I 0.343481 1
O 0.000190 6
O 0.000180 100
I 0.597179 1
O 0.000201 6
O 0.000099 102
I 0.505376 1
O 0.000191 6
O 0.000122 19
I 0.148862 1
O 0.000194 6
O 0.000049 100
I 0.241106 1
O 0.000206 6
O 0.000093 125
I 0.688649 1
O 0.000136 6
O 0.000132 25
I 0.421312 1
O 0.000228 6
O 0.000205 100
I 0.150071 1
O 0.000183 6
O 0.000096 102
I 0.110316 1
O 0.000175 6
O 0.000152 100
I 0.151913 1
O 0.000227 6
O 0.000112 125
I 0.050566 1
O 0.000341 22
O 0.000086 84
I 0.467781 1
O 0.000244 6
O 0.000053 50
I 0.149339 1
O 0.000178 6
O 0.000195 25
I 0.145018 1
O 0.000190 6
O 0.000155 17
I 0.593424 1
O 0.000195 6
O 0.000071 100
I 0.120981 1
O 0.000239 6
O 0.000097 100
I 0.103201 1
O 0.000192 6
O 0.000174 125
I 1.633501 1
O 0.000188 6
O 0.000231 37
O 0.003310 28
O 0.000011 8
O 0.000006 32
O 0.000153 19
I 0.732836 1
O 0.000174 6
O 0.000167 14
O 0.000088 52
O 0.001309 190
I 1.731753 1
O 0.000240 1
I 0.105837 1
O 0.000271 1
I 0.098493 1
O 0.000209 1
I 1.038757 1
O 0.000290 4
I 0.150550 1
O 0.000205 4
I 0.145150 1
O 0.000314 4
I 0.360494 1
O 0.000190 1
I 0.132204 1
O 0.000267 1
I 0.114596 1
O 0.000212 1
I 1.145304 1
O 0.000252 1
I 0.098662 1
O 0.000169 1
I 0.465373 1
O 0.000164 11
O 0.001058 452
O 0.000017 613
O 0.000004 143
O 0.000003 83
O 0.000003 54
O 0.000003 34
O 0.000086 358
O 0.001024 190
I 7.307490 1
O 0.000262 1
I 0.093359 1
O 0.000231 1
I 0.114887 1
O 0.000204 1
I 1.071288 1
O 0.000367 1
I 2.351121 1
O 0.000202 1
I 0.425075 1
O 0.000210 1
I 0.506333 1
O 0.000196 4
I 0.105581 1
O 0.000170 1
I 0.319861 1
O 0.000212 1
I 0.735068 1
O 0.000215 1
I 0.101002 1
O 0.000180 1
I 0.118963 1
O 0.000254 1
I 0.588069 1
O 0.000208 4
I 0.158574 1
O 0.000187 4
I 0.594020 1
O 0.000187 4
I 1.135495 1
O 0.000194 1
I 0.532922 1
O 0.000185 1
I 0.116627 1
O 0.000189 1
I 0.281347 1
O 0.000293 1
I 1.667240 1
O 0.000204 4
I 0.156709 1
O 0.000218 4
I 0.221392 1
O 0.000215 4
I 0.685361 1
O 0.000169 1
I 0.096323 1
O 0.000194 1
I 0.225487 1
O 0.000189 1
I 0.214862 1
O 0.000200 1
I 0.636241 1
O 0.000178 1
I 0.192747 1
O 0.000239 1
I 0.285502 1
O 0.000216 1
I 0.985304 1
O 0.000234 1
I 0.189504 1
O 0.000218 1
I 0.399501 1
O 0.000236 1
I 1.794381 1
O 0.000268 1
I 6.881121 1
O 0.000255 1
I 0.166279 1
O 0.000201 1
I 0.567336 1
O 0.000181 1
I 0.106358 1
O 0.000213 1
I 0.360574 1
O 0.000202 11
O 0.001065 295
O 0.000889 190
I 4.703852 3
O 0.000339 23
I 0.263147 3
O 0.000195 1
I 0.276448 3
O 0.000235 1
I 0.453317 1
O 0.000161 9
I 0.173440 1
O 0.000320 9
I 0.326207 1
O 0.000270 11
I 11.827457 1
O 0.000199 2
O 0.000413 2
O 0.000889 190
I 57.260020 3
O 0.000195 21
I 1.229423 1
O 0.000205 1
I 0.642837 1
O 0.000284 1
I 1.130687 1
O 0.000223 1
I 0.207826 1
O 0.000214 1
I 0.042507 1
O 0.000184 1
I 0.576891 1
O 0.000276 11
I 1.746904 1
O 0.000108 1
I 0.134034 1
O 0.000107 1
I 0.657104 1
O 0.000107 2
I 2.215004 1
O 0.000138 2
O 0.000364 2
O 0.000968 190
I 1.308324 3
O 0.000357 26
I 1.363477 1
O 0.000146 4
I 0.195329 1
O 0.000196 4
I 0.156037 1
O 0.000206 4
I 0.442722 1
O 0.000292 4
I 9.769537 1
O 0.000235 1
I 0.238870 1
O 0.000244 11
O 0.000439 11
O 0.000900 190
I 1.025385 1
O 0.000241 1
I 0.094414 1
O 0.000162 1
I 0.140832 1
O 0.000223 11
O 0.003843 31
O 0.000043 32
O 0.000091 30
O 0.000122 30
O 0.001334 190
I 6.236424 1
O 0.000250 1
I 0.151691 1
O 0.000212 1
I 0.221356 1
O 0.000227 11
O 0.177552 26
O 0.007635 190
I 1.276769 1
O 0.000196 1
I 1.675198 1
O 0.000204 1
I 0.322263 1
O 0.000308 11
O 0.000457 11
O 0.001019 190
O 0.067174 22
I 0.153436 1
O 0.000315 11
O 0.000938 33
O 0.000421 190
I 1.829954 1
O 0.000188 1
I 0.108980 1
O 0.000186 1
I 0.088665 1
O 0.000199 11
O 0.003262 31
O 0.000070 32
O 0.000029 30
O 0.000143 30
O 0.001422 190
I 43.951022 1
O 0.000191 1
I 0.118278 1
O 0.000235 1
I 0.649711 1
O 0.000183 1
I 0.994728 1
O 0.000241 4
I 0.271747 1
O 0.000178 11
O 0.000213 39
O 0.000800 190
I 3.195564 1
O 0.000230 1
I 0.176400 1
O 0.000283 1
I 0.943157 1
O 0.000201 11
O 0.000045 23
I 36.359698 1
O 0.000196 2
O 0.000334 2
O 0.000879 190
I 1.141818 3
O 0.000275 2
I 0.799666 3
O 0.000192 4
I 0.402669 3
O 0.000237 4
I 0.412766 3
O 0.000290 4
I 0.517697 3
O 0.000199 2
I 0.354064 3
O 0.000227 2
I 0.162056 3
O 0.000234 2
I 0.008590 3
O 0.000204 2
I 0.280935 3
O 0.000195 4
I 0.148658 3
O 0.000244 4
I 0.151459 3
O 0.000277 4
I 0.139213 3
O 0.000163 5
I 0.128619 3
O 0.000250 1
I 0.134403 3
O 0.000217 1
I 0.499971 1
O 0.000217 1
I 0.117086 1
O 0.000141 1
I 0.242756 1
O 0.000191 1
I 1.392396 1
O 0.000206 1
I 0.477513 1
O 0.000197 1
I 1.610349 1
O 0.000184 1
I 0.410495 1
O 0.000184 1
I 0.783147 1
O 0.000314 1
I 0.291420 1
O 0.000208 1
I 0.808723 1
O 0.000283 1
I 0.100012 1
O 0.000152 1
I 2.129741 1
O 0.000197 1
I 0.247484 1
O 0.000215 1
I 0.247777 1
O 0.000222 1
I 0.096897 1
O 0.000171 1
I 0.209581 1
O 0.000198 1
I 0.200584 1
O 0.000269 1
I 0.489999 1
O 0.000184 1
I 0.252531 1
O 0.000262 1
I 0.302603 1
O 0.000247 1
I 0.381675 1
O 0.000187 1
I 0.148324 1
O 0.000173 1
I 0.158111 1
O 0.000227 1
I 0.423121 1
O 0.000227 4
I 0.436179 1
O 0.000142 1
I 0.164247 1
O 0.000355 1
I 0.245161 1
O 0.000209 1
I 0.084447 1
O 0.000202 1
I 0.284979 1
O 0.000197 11
O 0.073971 23
O 0.006844 190
I 2.030168 3
O 0.000321 26
I 0.253112 3
O 0.000194 1
I 0.443613 3
O 0.000238 1
I 0.022680 3
O 0.000141 1
I 0.025329 3
O 0.000196 1
I 0.024537 3
O 0.000170 1
I 0.024228 3
O 0.000231 1
I 0.024053 3
O 0.000217 1
I 0.024735 3
O 0.000256 1
I 0.022984 3
O 0.000324 1
I 0.023557 3
O 0.000209 1
I 0.024320 3
O 0.000215 1
I 0.023257 3
O 0.000198 1
I 0.025306 3
O 0.000236 1
I 0.023935 3
O 0.000274 1
I 0.025137 3
O 0.000376 1
I 0.024441 3
O 0.000221 1
I 0.023066 3
O 0.000153 1
I 0.022832 3
O 0.000168 1
I 0.025936 3
O 0.000159 1
I 0.026883 3
O 0.000208 1
I 0.024710 3
O 0.000200 1
I 0.025233 3
O 0.000242 1
I 0.022977 3
O 0.000182 1
I 0.187215 3
O 0.000187 1
I 0.519812 1
O 0.000216 5
I 0.159993 1
O 0.000179 5
I 0.287178 1
O 0.000216 11
O 1.003391 79
O 0.001403 190
I 7.323578 3
O 0.000203 26
I 0.875425 3
O 0.000172 1
I 0.448561 3
O 0.000280 1
I 0.023123 3
O 0.000190 1
I 0.023879 3
O 0.000163 1
I 0.024775 3
O 0.000178 1
I 0.024586 3
O 0.000147 1
I 0.023660 3
O 0.000161 1
I 0.024256 3
O 0.000209 1
I 0.025268 3
O 0.000227 1
I 0.023704 3
O 0.000235 1
I 0.024738 3
O 0.000243 1
I 0.023624 3
O 0.000249 1
I 0.023732 3
O 0.000199 1
I 0.024638 3
O 0.000240 1
I 0.023798 3
O 0.000199 1
I 0.024906 3
O 0.000230 1
I 0.260957 3
O 0.000186 1
I 1.850397 1
O 0.000169 5
I 0.216073 1
O 0.000157 5
I 0.476934 1
O 0.000158 5
I 0.625616 1
O 0.000149 5
I 1.494616 1
O 0.000193 11
O 1.003084 79
O 0.001689 190
I 2.274740 3
O 0.000269 24
I 1.127223 1
O 0.000268 1
I 0.262422 1
O 0.000249 1
I 0.527764 1
O 0.000193 1
I 0.378573 1
O 0.000144 11
O 1.002581 79
O 1.002036 79
O 1.001925 79
O 1.001956 79
O 1.001672 79
O 0.001717 190
I 4.726076 1
O 0.000211 1
I 0.075429 1
O 0.000207 1
I 0.134791 1
O 0.000192 1
I 0.147912 1
O 0.000219 1
I 0.157072 1
O 0.000254 1
I 0.358852 1
O 0.000254 1
I 0.170754 1
O 0.000236 1
I 0.219081 1
O 0.000201 1
I 0.116669 1
O 0.000166 1
I 0.206904 1
O 0.000148 1
I 0.261871 1
O 0.003225 1
I 0.487907 1
O 0.000313 4
I 0.154973 1
O 0.000138 4
I 0.227508 1
O 0.000165 1
I 0.317068 1
O 0.003273 5
I 1.650624 1
O 0.000294 1
I 0.165429 1
O 0.003330 11
I 0.428070 1
O 0.000229 11
O 0.002842 62
O 0.000168 13
O 0.000339 58
O 0.000088 39
O 0.000523 128
O 0.000009 87
O 0.000095 169
O 0.000295 173
O 0.000125 151
I 1.570070 3
O 0.000233 22
I 0.447950 3
O 0.000269 22
I 0.023469 3
O 0.000294 22
I 0.022896 3
O 0.000227 22
I 0.239888 3
O 0.000183 18
O 0.000085 4
I 0.502078 3
O 0.000240 21
I 0.528939 3
O 0.000176 18
O 0.000041 4
I 0.595438 3
O 0.000221 24
I 0.449684 3
O 0.000192 18
O 0.000099 1
I 0.023594 3
O 0.000299 19
I 0.023423 3
O 0.000219 18
O 0.000097 1
I 0.024118 3
O 0.000188 18
O 0.000087 1
I 0.023109 3
O 0.000243 19
I 0.024875 3
O 0.000216 19
I 0.263348 3
O 0.000167 18
O 0.000099 1
I 0.204501 3
O 0.000237 18
O 0.000107 1
I 0.393573 3
O 0.000182 18
O 0.000020 1
I 0.404885 1
O 0.000232 6
O 0.000042 28
O 0.000418 31
I 0.158848 1
O 0.000231 6
O 0.000122 17
I 0.147769 1
O 0.000169 6
O 0.000185 32
I 0.152050 1
O 0.000181 6
O 0.000154 19
I 0.170061 1
O 0.000237 6
O 0.000134 17
I 0.137197 1
O 0.000199 6
O 0.000128 17
I 0.150064 1
O 0.000179 6
O 0.000131 17
I 0.160661 1
O 0.000199 6
O 0.000131 13
O 0.000033 4
I 0.175927 1
O 0.000190 6
O 0.000042 50
I 1.310291 3
O 0.000150 18
O 0.000059 3
I 0.447182 3
O 0.000248 18
O 0.000104 3
I 0.027039 3
O 0.000276 21
I 0.024866 3
O 0.000239 21
I 0.023525 3
O 0.000291 19
I 0.024785 3
O 0.000189 18
O 0.000055 3
I 0.026014 3
O 0.000213 18
O 0.000122 3
I 0.023804 3
O 0.000232 19
I 0.024030 3
O 0.000224 19
I 0.024595 3
O 0.000206 18
O 0.000007 1
I 0.305182 3
O 0.000192 19
I 0.448576 3
O 0.000242 18
O 0.000057 1
I 0.021287 3
O 0.000208 19
I 0.023974 3
O 0.000222 19
I 0.024155 3
O 0.000183 18
O 0.000052 1
I 0.025094 3
O 0.000210 19
I 0.023735 3
O 0.000233 19
I 0.025465 3
O 0.000218 18
O 0.000094 1
I 0.406909 3
O 0.000293 19
I 0.548403 3
O 0.000221 18
O 0.000115 1
I 0.183274 3
O 0.000324 19
I 0.151838 3
O 0.000268 19
I 0.156081 3
O 0.000273 19
I 0.146596 3
O 0.000297 19
I 0.394898 3
O 0.000237 18
O 0.000078 1
I 1.008392 1
O 0.000164 6
O 0.000085 71
I 0.771968 1
O 0.000175 6
O 0.000173 71
I 0.570118 3
O 0.000195 18
O 0.000007 1
I 0.804589 3
O 0.000215 19
I 0.164862 3
O 0.000233 18
O 0.000101 1
I 0.138292 3
O 0.000229 18
O 0.000101 1
I 0.463573 3
O 0.000314 19
I 0.190995 1
O 0.000229 6
O 0.000153 72
I 0.530713 3
O 0.000325 19
I 0.549286 3
O 0.000245 18
O 0.000008 1
I 1.542685 3
O 0.000141 18
O 0.000058 3
I 0.160894 3
O 0.000295 18
O 0.000175 7
I 0.345737 3
O 0.000206 18
O 0.000008 1
I 0.599591 3
O 0.000313 19
I 0.160701 3
O 0.000187 18
O 0.000101 1
I 0.135651 3
O 0.000280 19
I 0.147178 3
O 0.000244 19
I 0.506199 1
O 0.000216 6
O 0.000175 58
I 0.175716 1
O 0.000212 6
O 0.000047 58
I 0.463037 1
O 0.000188 6
O 0.000133 58
I 1.451451 1
O 0.000274 6
O 0.000116 55
I 2.103966 1
O 0.000326 6
O 0.000239 37
O 0.003024 28
O 0.000040 40
O 0.000149 19
I 0.239029 1
O 0.000254 6
O 0.000144 66
O 0.001602 190
I 0.415735 3
O 0.000213 25
I 0.617740 3
O 0.000199 22
I 0.717031 1
O 0.000253 1
I 0.149227 1
O 0.000200 1
I 0.967314 1
O 0.000237 1
I 0.083443 1
O 0.000189 1
I 0.206315 1
O 0.000188 1
I 0.200356 1
O 0.000211 1
I 0.622885 1
O 0.000227 1
I 0.228044 1
O 0.000328 4
I 1.264969 1
O 0.000156 1
I 0.203247 1
O 0.000389 11
I 0.392605 1
O 0.000154 11
O 0.002613 25
O 0.000108 2
O 0.000736 25
O 0.000137 2
O 0.000678 25
O 0.000132 2
O 0.000819 190
I 1.648497 3
O 0.000215 22
I 1.536753 3
O 0.000262 88
I 0.397546 1
O 0.000289 11
O 0.003265 62
O 0.000089 13
O 0.000297 97
O 0.000453 101
O 0.000008 27
O 0.000110 256
O 0.000294 171
O 0.000006 122
O 0.000174 12
I 0.561254 3
O 0.000286 22
I 0.263907 3
O 0.000218 18
O 0.000086 4
I 0.403792 3
O 0.000282 22
I 0.483000 3
O 0.000220 22
I 0.399120 3
O 0.000234 24
I 0.447732 3
O 0.000218 18
O 0.000081 3
I 0.022376 3
O 0.000170 18
O 0.000083 3
I 0.025066 3
O 0.000165 21
I 0.025028 3
O 0.000134 18
O 0.000085 3
I 0.023883 3
O 0.000163 18
O 0.000053 1
I 0.023978 3
O 0.000152 18
O 0.000065 3
I 0.024240 3
O 0.000150 18
O 0.000056 3
I 0.025113 3
O 0.000223 18
O 0.000009 1
I 0.022725 3
O 0.000256 19
I 0.023952 3
O 0.000204 18
O 0.000008 1
I 0.023951 3
O 0.000255 19
I 0.024470 3
O 0.000224 18
O 0.000118 1
I 0.023605 3
O 0.000267 19
I 0.024281 3
O 0.000222 18
O 0.000099 1
I 0.023202 3
O 0.000198 27
O 0.000082 7
I 0.023954 3
O 0.000240 18
O 0.000081 1
I 0.024160 3
O 0.000224 19
I 0.023179 3
O 0.000188 18
O 0.000033 1
I 0.024604 3
O 0.000251 19
I 0.023693 3
O 0.000182 18
O 0.000081 1
I 0.024890 3
O 0.000241 19
I 0.022688 3
O 0.000210 19
I 0.025958 3
O 0.000208 18
O 0.000090 1
I 0.023189 3
O 0.000201 19
I 0.024563 3
O 0.000238 18
O 0.000054 1
I 0.215110 3
O 0.000211 18
O 0.000077 1
I 0.155441 3
O 0.000241 18
O 0.000112 1
I 0.159444 3
O 0.000154 18
O 0.000116 3
I 0.144161 3
O 0.000276 18
O 0.000008 3
I 0.412361 1
O 0.000201 6
O 0.000042 28
O 0.000304 19
O 0.000117 19
I 1.268420 1
O 0.000253 6
O 0.000179 31
I 0.068817 1
O 0.000144 6
O 0.000029 31
I 6.395011 1
O 0.000216 6
O 0.000104 31
I 0.168900 1
O 0.000215 6
O 0.000163 31
I 0.617129 1
O 0.000168 6
O 0.000104 31
I 0.968269 1
O 0.000181 6
O 0.000113 37
O 0.002369 36
O 0.000060 51
I 0.271046 1
O 0.000176 6
O 0.000157 26
O 0.000055 40
O 0.001559 190
I 0.884647 3
O 0.000258 25
I 0.513597 3
O 0.000243 85
I 0.383202 1
O 0.000264 11
O 1.004579 79
O 1.001431 79
O 1.001825 79
O 1.001844 79
O 1.001367 79
O 0.000356 2
O 1.002938 79
O 1.001128 79
O 1.001808 79
O 1.001828 79
O 1.001743 79
O 0.000667 2
O 1.003696 79
O 1.001017 79
O 1.001996 79
O 1.001084 79
O 1.001424 79
O 0.000558 2
O 0.001550 190
I 1.373087 3
O 0.000259 22
I 0.854565 3
O 0.000223 88
I 0.406084 1
O 0.000259 11
O 0.002771 8
O 0.000041 61
O 0.000207 6
O 0.000276 58
O 0.000132 39
O 0.000400 101
O 0.000131 283
O 0.000242 26
O 0.000094 289
I 0.725955 3
O 0.000239 18
O 0.000057 4
I 0.187556 3
O 0.000219 6
O 0.000154 16
I 0.147732 3
O 0.000257 18
O 0.000167 4
I 0.148134 3
O 0.000294 22
I 0.148937 3
O 0.000143 18
O 0.000039 4
I 0.270320 3
O 0.000231 18
O 0.000185 4
I 0.260741 3
O 0.000179 18
I 0.481573 3
O 0.000217 18
O 0.000097 3
I 0.345104 3
O 0.000288 18
O 0.000146 3
I 0.441699 3
O 0.000191 18
O 0.000006 3
I 0.024318 3
O 0.000194 21
I 0.024631 3
O 0.000225 18
O 0.000079 3
I 0.023389 3
O 0.000274 23
I 0.024163 3
O 0.000329 18
I 0.947066 3
O 0.000211 18
O 0.000054 6
I 0.421245 1
O 0.000262 13
O 0.000009 21
O 0.000343 18
O 0.000056 17
I 0.735668 1
O 0.000161 6
O 0.000026 31
I 0.525142 1
O 0.000203 18
O 0.000150 17
I 2.610524 1
O 0.000147 6
O 0.000030 15
I 0.103860 1
O 0.000220 6
O 0.000187 28
I 0.369695 1
O 0.000184 6
O 0.000043 13
I 0.377367 1
O 0.000181 6
O 0.000119 13
I 0.592106 1
O 0.000262 6
O 0.000196 13
I 0.121172 1
O 0.000188 6
O 0.000043 13
I 0.134569 1
O 0.000242 6
O 0.000172 13
I 0.267000 1
O 0.000271 19
I 0.283779 1
O 0.000192 6
O 0.000137 29
I 0.746422 1
O 0.000308 6
O 0.000179 15
I 0.499041 1
O 0.000258 6
O 0.000049 42
I 0.348446 1
O 0.000176 6
O 0.000107 29
I 0.879801 1
O 0.000220 6
O 0.000096 15
I 0.198487 1
O 0.000154 6
O 0.000072 13
I 7.708768 1
O 0.000247 6
O 0.000341 37
O 0.003213 59
O 0.000042 3
O 0.000059 6
O 0.000034 12
O 0.000155 7
I 0.299358 1
O 0.000144 6
O 0.000129 26
O 0.000012 32
O 0.000012 8
O 0.001231 190
I 1.195294 3
O 0.000274 25
I 0.392874 3
O 0.000158 85
I 1.038391 1
O 0.000198 11
O 1.005442 79
O 1.001159 79
O 1.001589 79
O 1.001343 79
O 1.001356 79
O 1.003627 79
O 1.001389 79
O 1.001769 79
O 1.001767 79
O 1.001810 79
O 1.004421 79
O 1.001556 79
O 1.001077 79
O 1.001473 79
O 1.001799 79
O 0.018733 190
I 5.829180 3
O 0.000240 22
I 0.615269 3
O 0.000306 88
I 87.784752 1
O 0.000204 11
O 0.002992 62
O 0.000120 13
O 0.000259 58
O 0.000052 39
O 0.000475 101
O 0.000080 258
O 0.000020 25
O 0.000299 120
O 0.000015 10
O 0.000105 243
I 1.750726 3
O 0.000312 22
I 0.180479 3
O 0.000284 22
I 0.137227 3
O 0.000211 18
O 0.000099 4
I 0.146555 3
O 0.000169 18
O 0.000067 4
I 0.154416 3
O 0.000201 18
O 0.000007 4
I 0.159974 3
O 0.000227 18
O 0.000158 4
I 0.454426 3
O 0.000207 18
I 0.492948 3
O 0.000220 18
O 0.000077 3
I 0.523210 3
O 0.000207 18
O 0.000006 3
I 0.449622 3
O 0.000219 18
O 0.000008 3
I 0.024752 3
O 0.000222 18
O 0.000119 3
I 0.022892 3
O 0.000235 18
O 0.000087 3
I 0.024338 3
O 0.000211 19
I 0.023847 3
O 0.000254 18
O 0.000119 3
I 0.024616 3
O 0.000203 18
O 0.000098 1
I 0.022165 3
O 0.000194 18
O 0.000045 1
I 0.024499 3
O 0.000241 19
I 0.024041 3
O 0.000255 19
I 0.024028 3
O 0.000200 19
I 0.026376 3
O 0.000233 27
O 0.000142 7
I 0.024151 3
O 0.000270 19
I 0.024734 3
O 0.000175 18
O 0.000090 1
I 0.022812 3
O 0.000239 18
O 0.000096 1
I 0.024051 3
O 0.000238 21
I 0.024059 3
O 0.000202 18
O 0.000008 3
I 0.023424 3
O 0.000219 18
O 0.000061 3
I 0.023990 3
O 0.000177 18
O 0.000032 1
I 0.212368 3
O 0.000158 18
O 0.000066 1
I 0.156992 3
O 0.000248 18
O 0.000145 1
I 0.335805 1
O 0.000209 6
O 0.000172 28
O 0.001103 21
I 0.165113 1
O 0.000232 6
O 0.000181 34
I 0.132744 1
O 0.000187 6
O 0.000119 13
O 0.000102 2
I 0.150770 1
O 0.000190 6
O 0.000044 20
I 0.140769 1
O 0.000181 6
O 0.000099 34
I 0.927199 1
O 0.000175 6
O 0.000193 37
O 0.002778 28
O 0.000030 34
O 0.000139 25
I 0.226238 1
O 0.000203 6
O 0.000225 14
O 0.000179 52
O 0.001781 190
I 0.921689 3
O 0.000165 25
I 0.759329 3
O 0.000206 85
I 0.641849 1
O 0.000278 11
O 1.005389 79
O 1.001806 79
O 1.001300 79
O 1.001689 79
O 1.001444 79
O 1.003975 79
I 0.330300 1
O 0.000288 2
O 0.004797 190
I 0.835223 3
O 0.000243 22
I 0.529283 3
O 0.000335 88
I 1.458182 1
O 0.000237 11
O 0.002875 62
O 0.000195 13
O 0.000242 97
O 0.000517 128
O 0.000042 87
O 0.000049 169
O 0.000325 120
O 0.000061 239
I 26.447932 1
O 0.000282 6
O 0.000208 25
O 0.000008 32
O 0.000149 8
O 0.001280 190
I 1.495682 1
O 0.000219 1
I 0.074015 1
O 0.000220 1
I 0.581724 1
O 0.000221 4
I 0.170447 1
O 0.000189 1
I 1.349990 1
O 0.000221 4
I 0.135618 1
O 0.000220 4
I 0.136646 1
O 0.000168 1
I 2.849134 1
O 0.000209 1
I 0.099171 1
O 0.000146 1
I 0.115024 1
O 0.000209 1
I 0.113867 1
O 0.000219 1
I 0.248072 1
O 0.000264 1
I 0.269454 1
O 0.000220 1
I 0.299464 1
O 0.000236 1
I 0.392728 1
O 0.000192 4
I 0.163122 1
O 0.000196 1
I 0.117976 1
O 0.000211 1
I 0.126373 1
O 0.000301 1
I 0.089618 1
O 0.000223 1
I 0.130189 1
O 0.000337 1
I 0.058766 1
O 0.000244 1
I 0.170793 1
O 0.000249 1
I 0.216500 1
O 0.000208 1
I 0.097132 1
O 0.000205 1
I 0.115198 1
O 0.000212 1
I 0.146731 1
O 0.000215 1
I 0.923628 1
O 0.000269 1
I 0.269858 1
O 0.000149 1
I 0.182037 1
O 0.000214 11
O 0.014373 27
I 0.750895 3
I 0.178050 1
I 0.101625 1
I 0.193162 1
I 0.148556 1
I 0.525195 1
I 0.239288 1
I 0.164968 1
I 0.191388 1
I 0.171491 1
I 0.358315 1
I 0.251408 1
O 0.000199 2
O 2.497751 19
O 0.000158 27
I 1.147785 1
I 0.259188 1
I 0.232742 1
I 0.207218 1
I 0.377039 1
I 0.162466 1
I 0.229848 1
I 0.172813 1
I 0.180665 1
I 0.252763 1
I 0.199256 1
O 0.000200 2
O 0.063814 29
O 0.084057 64
O 0.003758 64
O 0.037965 66
O 0.127010 70
O 0.000637 33
O 0.000518 37
O 0.139110 33
O 0.051959 47
O 0.000210 6
O 0.022691 64
O 0.016124 103
O 0.004358 22
O 0.221401 144
O 0.088452 105
O 0.241705 16
O 0.021748 68
O 0.002235 285
O 0.007971 26
O 0.021476 26
O 0.023437 26
O 0.046989 26
O 0.027621 26
O 0.017363 26
O 0.014435 26
O 0.015102 26
O 0.015231 101
O 0.002863 155
O 0.000537 99
O 0.003942 34
O 0.025834 99
O 0.027716 35
O 0.004222 99
O 0.003941 99
O 0.004155 47
O 0.497751 20
O 0.041521 190
I 2.388450 1
O 0.000224 1
I 0.130511 1
O 0.000219 1
I 0.068167 1
O 0.000208 1
I 0.230716 1
O 0.000219 1
I 0.199411 1
O 0.000234 1
I 0.085796 1
O 0.000186 11
O 0.001839 11
O 0.001162 190
I 637.069654 1
O 0.000264 1
I 0.102346 1
O 0.000193 1
I 0.072776 1
O 0.000206 1
I 0.118196 1
O 0.000186 1
I 0.141173 1
O 0.000248 1
I 0.320599 1
O 0.000193 1
I 0.737324 1
O 0.000221 4
I 2.536859 1
O 0.000254 1
I 0.376592 1
O 0.000224 1
I 0.224219 1
O 0.000199 1
I 0.503522 1
O 0.000212 1
I 0.209680 1
O 0.000242 1
I 0.185687 1
O 0.000213 1
I 0.353239 1
O 0.000205 1
I 0.335749 1
O 0.000211 1
I 0.393150 1
O 0.000265 11
O 0.013939 8
O 0.000126 67
O 0.000680 56
O 0.000230 128
O 0.000088 256
O 0.000113 17
I 1.326935 1
O 0.000178 6
O 0.000163 65
O 0.001363 190
I 1.012845 3
O 0.000304 13
I 0.820693 1
O 0.000216 1
I 0.552877 1
O 0.003266 11
I 0.284733 1
O 0.000210 11
O 0.003050 62
O 0.000119 13
O 0.000359 58
O 0.001021 39
O 0.000573 95
O 0.000122 289
O 0.000320 130
O 0.000008 41
O 0.000088 188
I 182.125864 3
O 0.000417 18
I 0.822245 3
O 0.000328 18
I 0.174564 3
O 0.000337 18
I 1.238160 3
O 0.000425 18
O 0.000017 4
I 0.155606 3
O 0.000352 18
O 0.000152 4
I 0.144587 3
O 0.000402 18
O 0.000014 4
I 0.183346 3
O 0.000481 22
I 0.464232 3
O 0.000343 18
O 0.000014 6
I 0.138293 3
O 0.000295 18
O 0.000152 3
I 0.140425 3
O 0.000324 18
O 0.000149 3
I 0.136301 3
O 0.000361 18
O 0.000242 3
I 0.136460 3
O 0.000323 18
O 0.000088 3
I 0.142412 3
O 0.000353 18
O 0.000145 1
I 0.146322 3
O 0.000370 18
O 0.000186 3
I 1.543901 3
O 0.000395 6
O 0.000223 15
I 0.987855 1
O 0.000390 6
O 0.000191 28
O 0.000780 36
O 0.000012 17
I 0.192574 1
O 0.000300 6
O 0.000272 21
I 0.864824 3
O 0.000419 18
O 0.000222 1
I 0.445591 3
O 0.000330 18
O 0.000187 1
I 0.022282 3
O 0.000317 6
O 0.000233 28
I 0.023508 3
O 0.000299 18
O 0.000174 1
I 0.023275 3
O 0.000319 18
O 0.000150 1
I 0.022562 3
O 0.000338 18
O 0.000156 1
I 0.025099 3
O 0.000375 19
I 0.023664 3
O 0.000613 19
I 0.025071 3
O 0.000369 18
O 0.000220 1
I 0.022109 3
O 0.000306 18
O 0.000201 1
I 0.024667 3
O 0.000305 18
O 0.000148 1
I 0.023831 3
O 0.000315 18
O 0.000189 1
I 0.023034 3
O 0.000296 18
O 0.000132 1
I 0.023793 3
O 0.000458 19
I 0.024700 3
O 0.000353 18
O 0.000266 1
I 0.023318 3
O 0.000327 18
O 0.000196 1
I 0.023082 3
O 0.000333 18
O 0.000148 1
I 0.023678 3
O 0.000326 18
O 0.000161 1
I 0.023668 3
O 0.000320 18
O 0.000140 1
I 0.023179 3
O 0.000374 19
I 0.024565 3
O 0.000362 18
O 0.000180 3
I 0.023246 3
O 0.000412 18
O 0.000178 3
I 0.024526 3
O 0.000373 18
O 0.000214 1
I 0.022527 3
O 0.000394 18
O 0.000187 1
I 0.024019 3
O 0.000305 18
O 0.000291 1
I 0.023650 3
O 0.000334 18
O 0.000241 1
I 0.023587 3
O 0.000352 18
O 0.000205 1
I 0.024141 3
O 0.000339 19
I 0.023840 3
O 0.000506 21
I 0.022975 3
O 0.000405 23
I 0.899361 3
O 0.000294 18
O 0.000190 7
I 1.158547 1
O 0.000305 6
O 0.000294 15
I 39.868183 1
O 0.000417 6
O 0.049854 37
O 0.004703 28
O 0.000095 40
O 0.000057 19
I 0.648756 1
O 0.000391 6
O 0.000686 66
O 0.003093 190
I 1.251728 3
O 0.000366 25
I 0.207504 3
O 0.000431 15
I 0.857719 3
O 0.000384 12
I 0.190334 3
O 0.000412 22
I 0.566118 3
O 0.000401 25
I 0.568728 1
O 0.000338 11
O 0.004473 62
O 0.000012 7
O 0.000132 6
O 0.000611 66
O 0.000018 31
O 0.000961 128
O 0.000138 256
O 0.000628 259
O 0.000167 81
I 3.124066 3
O 0.000341 18
I 0.990391 3
O 0.000350 18
O 0.000142 4
I 0.249340 3
O 0.000377 22
I 0.162355 3
O 0.000341 18
O 0.000145 4
I 0.232930 3
O 0.000340 18
O 0.000146 4
I 0.317271 3
O 0.000308 18
O 0.000155 6
I 0.158583 3
O 0.000439 18
O 0.000211 3
I 0.123837 3
O 0.000372 18
O 0.000181 3
I 0.136181 3
O 0.000359 18
O 0.000151 3
I 0.141978 3
O 0.000336 18
O 0.000173 3
I 0.148880 3
O 0.000376 19
I 0.138848 3
O 0.000316 18
O 0.000151 1
I 0.138597 3
O 0.000442 18
O 0.000225 1
I 0.137892 3
O 0.000327 18
O 0.000147 1
I 0.259075 3
O 0.000407 19
I 3.172565 1
O 0.000322 6
O 0.000385 28
O 0.000431 76
I 5.150806 1
O 0.000290 6
O 0.000456 41
O 0.054534 80
O 0.000050 7
I 2.094939 1
O 0.000357 6
O 0.000719 66
O 0.002050 190
I 0.990638 1
O 0.000462 1
I 0.113019 1
O 0.000564 1
I 0.236478 1
O 0.000429 1
I 0.196844 1
O 0.000394 1
I 0.314516 1
O 0.000409 1
I 0.259057 1
O 0.000374 1
I 1.439298 1
O 0.000358 1
I 0.134186 1
O 0.000400 1
I 0.345650 1
O 0.000679 3
I 0.958045 1
O 0.000369 1
I 0.331014 1
O 0.000422 1
I 0.247543 1
O 0.000627 10
I 0.387718 1
O 0.000509 11
O 5.386621 395
O 0.004114 395
O 0.004667 395
O 0.007597 190
I 17.570507 1
O 0.000380 1
I 0.729279 1
O 0.000356 1
I 0.083897 1
O 0.000493 1
I 1.013037 1
O 0.000338 1
I 0.082481 1
O 0.000330 1
I 0.116957 1
O 0.000358 1
I 0.393376 1
O 0.000311 1
I 0.544659 1
O 0.000366 1
I 0.475389 1
O 0.000329 1
I 0.131378 1
O 0.000383 1
I 0.365319 1
O 0.000370 1
I 0.268659 1
O 0.000366 1
I 0.447492 1
O 0.000389 4
I 0.105112 1
O 0.000398 1
I 0.687351 1
O 0.000368 1
I 0.295193 1
O 0.000380 1
I 0.401839 1
O 0.000380 1
I 0.638544 1
O 0.000395 1
I 0.228906 1
O 0.000371 1
I 0.412859 3
O 0.000332 1
I 0.445192 3
O 0.000367 1
I 0.024779 3
O 0.000390 1
I 0.024288 3
O 0.000363 1
I 0.024165 3
O 0.000400 1
I 0.023859 3
O 0.000327 1
I 0.023165 3
O 0.000386 1
I 0.023231 3
O 0.000361 1
I 0.025468 3
O 0.000529 1
I 0.024953 3
O 0.000412 1
I 0.022855 3
O 0.000351 1
I 0.022563 3
O 0.000447 1
I 0.173418 3
O 0.000372 1
I 0.135804 3
O 0.000420 1
I 0.136031 3
O 0.000389 1
I 0.731732 1
O 0.000437 9
I 0.113706 1
O 0.000358 5
I 0.666045 1
O 0.000464 5
I 0.319344 1
O 0.000440 5
I 0.670825 1
O 0.000531 5
I 0.357634 1
O 0.000443 5
I 0.516179 3
O 0.000371 1
I 0.180303 3
O 0.000404 1
I 0.522114 1
O 0.000390 5
I 0.367886 1
O 0.000337 11
I 19.315191 1
O 0.000228 2
O 0.000688 2
O 0.001464 190
I 0.987000 3
O 0.000606 22
I 0.264064 3
O 0.000391 1
I 0.233660 3
O 0.000395 1
I 0.446424 3
O 0.000399 1
I 0.024062 3
O 0.000376 1
I 0.024355 3
O 0.000357 1
I 0.023743 3
O 0.000429 1
I 0.025309 3
O 0.000315 1
I 0.023207 3
O 0.000400 1
I 0.022247 3
O 0.000357 1
I 0.024564 3
O 0.000338 1
I 0.024313 3
O 0.000369 1
I 0.023583 3
O 0.000462 1
I 0.024663 3
O 0.000344 1
I 0.195779 3
O 0.000501 1
I 0.131352 3
O 0.000398 1
I 0.782149 1
O 0.000420 5
I 0.238282 1
O 0.000464 5
I 0.362389 1
O 0.000366 5
I 0.095912 1
O 0.000412 9
I 0.169257 1
O 0.000398 5
I 0.285361 1
O 0.000533 11
O 1.004685 79
O 0.002651 190
I 30.172003 1
O 0.000430 1
I 0.246016 1
O 0.000355 1
I 0.813419 1
O 0.000344 4
I 0.172326 1
O 0.000399 4
I 0.690123 1
O 0.000451 17
H 0.000000 DURATION 2006.345301
H 0.000000 EXIT_CODE 1
